#
# There is insufficient memory for the Java Runtime Environment to continue.
# Native memory allocation (mmap) failed to map 268435456 bytes for Failed to commit area from 0x0000000701c00000 to 0x0000000711c00000 of length 268435456.
# Possible reasons:
#   The system is out of physical RAM or swap space
#   The process is running with CompressedOops enabled, and the Java Heap may be blocking the growth of the native heap
# Possible solutions:
#   Reduce memory load on the system
#   Increase physical memory or swap space
#   Check if swap backing store is full
#   Decrease Java heap size (-Xmx/-Xms)
#   Decrease number of Java threads
#   Decrease Java thread stack sizes (-Xss)
#   Set larger code cache with -XX:ReservedCodeCacheSize=
# This output file may be truncated or incomplete.
#
#  Out of Memory Error (./src/hotspot/os/windows/os_windows.cpp:3303), pid=21580, tid=24976
#
# JRE version:  (11.0.8+10) (build )
# Java VM: OpenJDK 64-Bit Server VM (11.0.8+10-b944.34, mixed mode, sharing, tiered, compressed oops, g1 gc, windows-amd64)
# No core dump will be written. Minidumps are not enabled by default on client versions of Windows
#

---------------  S U M M A R Y ------------

Command Line: org.jetbrains.git4idea.http.GitAskPassApp Username for 'https://github.com': 

Host: Intel(R) Core(TM) i7-8550U CPU @ 1.80GHz, 8 cores, 15G,  Windows 10 , 64 bit Build 19041 (10.0.19041.546)
Time: Mon Nov  9 08:37:51 2020 Paris, Madrid elapsed time: 0 seconds (0d 0h 0m 0s)

---------------  T H R E A D  ---------------

Current thread (0x0000020cf4cd9000):  JavaThread "Unknown thread" [_thread_in_vm, id=24976, stack(0x000000e57d300000,0x000000e57d400000)]

Stack: [0x000000e57d300000,0x000000e57d400000]
Native frames: (J=compiled Java code, j=interpreted, Vv=VM code, C=native code)
V  [jvm.dll+0x5de35a]
V  [jvm.dll+0x712355]
V  [jvm.dll+0x7138ad]
V  [jvm.dll+0x713f63]
V  [jvm.dll+0x23e628]
V  [jvm.dll+0x5db804]
V  [jvm.dll+0x5d0925]
V  [jvm.dll+0x2faf9b]
V  [jvm.dll+0x2faf0a]
V  [jvm.dll+0x2fade2]
V  [jvm.dll+0x2ffcb6]
V  [jvm.dll+0x3483a3]
V  [jvm.dll+0x348aa6]
V  [jvm.dll+0x3484a3]
V  [jvm.dll+0x2d5be8]
V  [jvm.dll+0x2d6d87]
V  [jvm.dll+0x6f10e7]
V  [jvm.dll+0x6f28dc]
V  [jvm.dll+0x3558f9]
V  [jvm.dll+0x6d492e]
V  [jvm.dll+0x3bdad3]
V  [jvm.dll+0x3bfd01]
C  [jli.dll+0x5373]
C  [ucrtbase.dll+0x214c2]
C  [KERNEL32.DLL+0x17034]
C  [ntdll.dll+0x4cec1]


---------------  P R O C E S S  ---------------

Threads class SMR info:
_java_thread_list=0x0000020cf34410b0, length=0, elements={
}

Java Threads: ( => current thread )

Other Threads:
  0x0000020cf4cf1000 GCTaskThread "GC Thread#0" [stack: 0x000000e57d400000,0x000000e57d500000] [id=10696]
  0x0000020cf4d4d000 ConcurrentGCThread "G1 Main Marker" [stack: 0x000000e57d500000,0x000000e57d600000] [id=22196]
  0x0000020cf4d4f800 ConcurrentGCThread "G1 Conc#0" [stack: 0x000000e57d600000,0x000000e57d700000] [id=24208]

[error occurred during error reporting (printing all threads), id 0xc0000005, EXCEPTION_ACCESS_VIOLATION (0xc0000005) at pc=0x00007ff9ab2060c7]

VM state:not at safepoint (not fully initialized)

VM Mutex/Monitor currently owned by a thread:  ([mutex/lock_event])
[0x0000020cf4cd4290] Heap_lock - owner thread: 0x0000020cf4cd9000

Heap address: 0x0000000701c00000, size: 4068 MB, Compressed Oops mode: Non-zero based: 0x0000000701c00000
Narrow klass base: 0x0000000000000000, Narrow klass shift: 0

GC Heap History (0 events):
No events

Deoptimization events (0 events):
No events

Classes redefined (0 events):
No events

Internal exceptions (0 events):
No events

Events (1 events):
Event: 0.007 Loaded shared library C:\Users\bilou\AppData\Local\JetBrains\Toolbox\apps\PhpStorm\ch-0\202.7660.42\jbr\bin\zip.dll


Dynamic libraries:
0x00007ff7aaf00000 - 0x00007ff7aaf0a000 	C:\Users\bilou\AppData\Local\JetBrains\Toolbox\apps\PhpStorm\ch-0\202.7660.42\jbr\bin\java.exe
0x00007ffa254f0000 - 0x00007ffa256e6000 	C:\WINDOWS\SYSTEM32\ntdll.dll
0x00007ffa244f0000 - 0x00007ffa245ad000 	C:\WINDOWS\System32\KERNEL32.DLL
0x00007ffa22f40000 - 0x00007ffa23208000 	C:\WINDOWS\System32\KERNELBASE.dll
0x00007ffa23210000 - 0x00007ffa23310000 	C:\WINDOWS\System32\ucrtbase.dll
0x00007ffa12520000 - 0x00007ffa12539000 	C:\Users\bilou\AppData\Local\JetBrains\Toolbox\apps\PhpStorm\ch-0\202.7660.42\jbr\bin\jli.dll
0x00007ffa060d0000 - 0x00007ffa060e7000 	C:\Users\bilou\AppData\Local\JetBrains\Toolbox\apps\PhpStorm\ch-0\202.7660.42\jbr\bin\VCRUNTIME140.dll
0x00007ffa24770000 - 0x00007ffa24910000 	C:\WINDOWS\System32\USER32.dll
0x00007ffa14770000 - 0x00007ffa14a0b000 	C:\WINDOWS\WinSxS\amd64_microsoft.windows.common-controls_6595b64144ccf1df_6.0.19041.488_none_ca04af081b815d21\COMCTL32.dll
0x00007ffa233f0000 - 0x00007ffa23412000 	C:\WINDOWS\System32\win32u.dll
0x00007ffa25360000 - 0x00007ffa253fe000 	C:\WINDOWS\System32\msvcrt.dll
0x00007ffa24ab0000 - 0x00007ffa24ada000 	C:\WINDOWS\System32\GDI32.dll
0x00007ffa23420000 - 0x00007ffa23529000 	C:\WINDOWS\System32\gdi32full.dll
0x00007ffa22c10000 - 0x00007ffa22cad000 	C:\WINDOWS\System32\msvcp_win.dll
0x00007ffa23530000 - 0x00007ffa23560000 	C:\WINDOWS\System32\IMM32.DLL
0x00007ff9e7d40000 - 0x00007ff9e7ddd000 	C:\Users\bilou\AppData\Local\JetBrains\Toolbox\apps\PhpStorm\ch-0\202.7660.42\jbr\bin\msvcp140.dll
0x00007ff9aaf20000 - 0x00007ff9ab9dd000 	C:\Users\bilou\AppData\Local\JetBrains\Toolbox\apps\PhpStorm\ch-0\202.7660.42\jbr\bin\server\jvm.dll
0x00007ffa24660000 - 0x00007ffa2470a000 	C:\WINDOWS\System32\ADVAPI32.dll
0x00007ffa245c0000 - 0x00007ffa2465b000 	C:\WINDOWS\System32\sechost.dll
0x00007ffa23b00000 - 0x00007ffa23c24000 	C:\WINDOWS\System32\RPCRT4.dll
0x00007ffa23cc0000 - 0x00007ffa23cc8000 	C:\WINDOWS\System32\PSAPI.DLL
0x00007ffa1d9e0000 - 0x00007ffa1d9e9000 	C:\WINDOWS\SYSTEM32\WSOCK32.dll
0x00007ffa15920000 - 0x00007ffa15947000 	C:\WINDOWS\SYSTEM32\WINMM.dll
0x00007ffa1beb0000 - 0x00007ffa1beba000 	C:\WINDOWS\SYSTEM32\VERSION.dll
0x00007ffa249e0000 - 0x00007ffa24a4b000 	C:\WINDOWS\System32\WS2_32.dll
0x00007ffa214e0000 - 0x00007ffa214f2000 	C:\WINDOWS\SYSTEM32\kernel.appcore.dll
0x00007ffa21380000 - 0x00007ffa21391000 	C:\Users\bilou\AppData\Local\JetBrains\Toolbox\apps\PhpStorm\ch-0\202.7660.42\jbr\bin\verify.dll
0x00007ffa1a8c0000 - 0x00007ffa1aaa4000 	C:\WINDOWS\SYSTEM32\DBGHELP.DLL
0x00007ffa1a630000 - 0x00007ffa1a65c000 	C:\WINDOWS\SYSTEM32\dbgcore.DLL
0x00007ffa23310000 - 0x00007ffa2338f000 	C:\WINDOWS\System32\bcryptPrimitives.dll
0x00007ffa1ceb0000 - 0x00007ffa1ced9000 	C:\Users\bilou\AppData\Local\JetBrains\Toolbox\apps\PhpStorm\ch-0\202.7660.42\jbr\bin\java.dll
0x00007ffa21460000 - 0x00007ffa2146b000 	C:\Users\bilou\AppData\Local\JetBrains\Toolbox\apps\PhpStorm\ch-0\202.7660.42\jbr\bin\jimage.dll
0x00007ffa1cd10000 - 0x00007ffa1cd28000 	C:\Users\bilou\AppData\Local\JetBrains\Toolbox\apps\PhpStorm\ch-0\202.7660.42\jbr\bin\zip.dll

dbghelp: loaded successfully - version: 4.0.5 - missing functions: none
symbol engine: initialized successfully - sym options: 0x614 - pdb path: .;C:\Users\bilou\AppData\Local\JetBrains\Toolbox\apps\PhpStorm\ch-0\202.7660.42\jbr\bin;C:\WINDOWS\SYSTEM32;C:\WINDOWS\WinSxS\amd64_microsoft.windows.common-controls_6595b64144ccf1df_6.0.19041.488_none_ca04af081b815d21;C:\Users\bilou\AppData\Local\JetBrains\Toolbox\apps\PhpStorm\ch-0\202.7660.42\jbr\bin\server

VM Arguments:
java_command: org.jetbrains.git4idea.http.GitAskPassApp Username for 'https://github.com': 
java_class_path (initial): C:/Users/bilou/AppData/Local/JetBrains/Toolbox/apps/PhpStorm/ch-0/202.7660.42/plugins/git4idea/lib/git4idea-rt.jar;C:/Users/bilou/AppData/Local/JetBrains/Toolbox/apps/PhpStorm/ch-0/202.7660.42/lib/xmlrpc-2.0.1.jar;C:/Users/bilou/AppData/Local/JetBrains/Toolbox/apps/PhpStorm/ch-0/202.7660.42/lib/commons-codec-1.14.jar
Launcher Type: SUN_STANDARD

[Global flags]
     intx CICompilerCount                          = 4                                         {product} {ergonomic}
     uint ConcGCThreads                            = 2                                         {product} {ergonomic}
     uint G1ConcRefinementThreads                  = 8                                         {product} {ergonomic}
   size_t G1HeapRegionSize                         = 1048576                                   {product} {ergonomic}
    uintx GCDrainStackTargetSize                   = 64                                        {product} {ergonomic}
   size_t InitialHeapSize                          = 268435456                                 {product} {ergonomic}
   size_t MarkStackSize                            = 4194304                                   {product} {ergonomic}
   size_t MaxHeapSize                              = 4265607168                                {product} {ergonomic}
   size_t MinHeapDeltaBytes                        = 1048576                                   {product} {ergonomic}
    uintx NonNMethodCodeHeapSize                   = 5836300                                {pd product} {ergonomic}
    uintx NonProfiledCodeHeapSize                  = 122910970                              {pd product} {ergonomic}
    uintx ProfiledCodeHeapSize                     = 122910970                              {pd product} {ergonomic}
    uintx ReservedCodeCacheSize                    = 251658240                              {pd product} {ergonomic}
     bool SegmentedCodeCache                       = true                                      {product} {ergonomic}
     bool UseCompressedClassPointers               = true                                 {lp64_product} {ergonomic}
     bool UseCompressedOops                        = true                                 {lp64_product} {ergonomic}
     bool UseG1GC                                  = true                                      {product} {ergonomic}
     bool UseLargePagesIndividualAllocation        = false                                  {pd product} {ergonomic}

Logging:
Log output configuration:
 #0: stdout all=warning uptime,level,tags
 #1: stderr all=off uptime,level,tags

Environment Variables:
JAVA_HOME=C:\Program Files\AdoptOpenJDK\jdk-11.0.4.11-hotspot\
PATH=C:\Program Files\AdoptOpenJDK\jdk-11.0.4.11-hotspot\bin;C:\Program Files (x86)\Common Files\Oracle\Java\javapath;C:\Windows\system32;C:\Windows;C:\Windows\System32\Wbem;C:\Windows\System32\WindowsPowerShell\v1.0\;C:\Program Files (x86)\NVIDIA Corporation\PhysX\Common;C:\WINDOWS\system32;C:\WINDOWS;C:\WINDOWS\System32\Wbem;C:\WINDOWS\System32\WindowsPowerShell\v1.0\;C:\WINDOWS\System32\OpenSSH\;C:\Program Files\NVIDIA Corporation\NVIDIA NvDLISR;C:\Program Files\dotnet\;C:\Program Files\PowerShell\6\;C:\Program Files\PuTTY\;C:\Users\bilou\AppData\Local\Microsoft\WindowsApps;C:\Users\bilou\Documents\DON'T DELETE\balena-cli;C:\Users\bilou\AppData\Local\Programs\Microsoft VS Code\bin
USERNAME=bilou
OS=Windows_NT
PROCESSOR_IDENTIFIER=Intel64 Family 6 Model 142 Stepping 10, GenuineIntel



---------------  S Y S T E M  ---------------

OS: Windows 10 , 64 bit Build 19041 (10.0.19041.546)
OS uptime: 2 days 21:55 hours
HyperV virtualization detected

CPU:total 8 (initial active 8) (4 cores per cpu, 2 threads per core) family 6 model 142 stepping 10, cmov, cx8, fxsr, mmx, sse, sse2, sse3, ssse3, sse4.1, sse4.2, popcnt, avx, avx2, aes, clmul, erms, 3dnowpref, lzcnt, ht, tsc, tscinvbit, bmi1, bmi2, adx, fma

Memory: 4k page, system-wide physical 16268M (4159M free)
TotalPageFile size 16268M (AvailPageFile size 232M)
current process WorkingSet (physical memory assigned to process): 10M, peak: 10M
current process commit charge ("private bytes"): 60M, peak: 316M

vm_info: OpenJDK 64-Bit Server VM (11.0.8+10-b944.34) for windows-amd64 JRE (11.0.8+10-b944.34), built on Sep 11 2020 15:32:11 by "" with MS VC++ 14.0 (VS2015)

END.
